1754923799585:hello vitor
1754923805369:exit
1754924246943:joke
1754924256486:hello Vitor
1754924273108:exit
1754928609431:help
1754928612711:joke
1754928696448:help
1754928700781:status
1754928712028:hello vitor
1754928714588:joke
1754928848932:help
1754928869582:check-app localhost:8081
1754928896486:check-app http://localhost:8081
1754928906015:check-app http://localhost:8080
1754928926446:exit
1754928988418:help
1754929013233:check-app http://localhost:8082
1754929033610:history
1754929046660:check-app http://localhost:8082/
1754929053198:exit
1754929154151:check-app https://jsonplaceholder.typicode.com/posts
1754929165389:check-app http://localhost:8080/naoexiste
1754929321325:help
1754929326892:joke
1754929342574:clear
1754929394116:check-app https://jsonplaceholder.typicode.com/posts
1754929425362:check-app http://localhost:8080/notworking
1754929505553:sum 5 10
1754929509647:sum 10 1000
1754929516044:sum
1754929518284:exit
