1754531622679:hello --name Vitorhello v
1754531627187:hello Vitor
1754531650084:sum --a 10 --b 5hello
1754532060408:hello vitor
1754532070467:hello --name vitor
1754532081907:sum --a 1 --b 2
1754532223222:hello
1754533374162:help
1754533391474:hello-world vitor
1754533470923:hello-world
1754533752466:hrlp
1754533754513:help
1754533759328:hello-world vitor
1754533763406:hello-world Vitor
1754533972551:help]
1754533974467:hel
1754533976357:help
1754533982591:hello-world vitor
1754534879275:help
1754534884014:hello Vitor
1754534889439:hello --name Vitor
1754534897001:hello
1754534902675:hello aa
1754534983938:hello
1754535079208:stacktrace
1754535089748:sum
1754535143318:xit
1754535144522:exit
1754535365663:help
1754535369182:hello vitor
1754535375289:hello
1754535386102:version
1754535390808:sum --a --b 1
1754535396822:sum --a 1 --b 2
1754535402768:sum 1, 2
1754535406933:hello
